Build started 5/6/2017 12:14:00 AM.
     1>Project "D:\Daniel Webster College\3rd Year\ChessProject3\ChessProject\ChessProject\ChessProject\ChessProject.vcxproj" on node 2 (Build target(s)).
     1>ClCompile:
         C:\Program Files (x86)\Microsoft Visual Studio 12.0\VC\bin\CL.exe /c /ZI /nologo /W3 /WX- /Od /Oy- /D WIN32 /D _DEBUG /D _CONSOLE /D _LIB /D _UNICODE /D UNICODE /Gm /EHsc /RTC1 /MDd /GS /fp:precise /Zc:wchar_t /Zc:forScope /Fo"Debug\\" /Fd"Debug\vc120.pdb" /FR"Debug\\" /Gd /TP /analyze- /errorReport:prompt ChessProject.cpp
         ChessProject.cpp
       Link:
         C:\Program Files (x86)\Microsoft Visual Studio 12.0\VC\bin\link.exe /ERRORREPORT:PROMPT /OUT:"D:\Daniel Webster College\3rd Year\ChessProject3\ChessProject\ChessProject\Debug\ChessProject.exe" /INCREMENTAL /NOLOGO kernel32.lib user32.lib gdi32.lib winspool.lib comdlg32.lib advapi32.lib shell32.lib ole32.lib oleaut32.lib uuid.lib odbc32.lib odbccp32.lib /MANIFEST /MANIFESTUAC:"level='asInvoker' uiAccess='false'" /manifest:embed /DEBUG /PDB:"D:\Daniel Webster College\3rd Year\ChessProject3\ChessProject\ChessProject\Debug\ChessProject.pdb" /SUBSYSTEM:CONSOLE /TLBID:1 /DYNAMICBASE /NXCOMPAT /IMPLIB:"D:\Daniel Webster College\3rd Year\ChessProject3\ChessProject\ChessProject\Debug\ChessProject.lib" /MACHINE:X86 Debug\ChessBoard.obj
         Debug\ChessCell.obj
         Debug\ChessGame.obj
         Debug\ChessPiece.obj
         Debug\ChessPieceMoveEntry.obj
         Debug\ChessProject.obj
         Debug\Gamer.obj
         Debug\ErrorMove.obj
         Debug\LLNode.obj
         Debug\MoveSemanticValidator.obj
         Debug\MoveSyntaxValidator.obj
         Debug\StackAsLinkedList.obj
         Debug\stdafx.obj
         ChessProject.vcxproj -> D:\Daniel Webster College\3rd Year\ChessProject3\ChessProject\ChessProject\Debug\ChessProject.exe
       BscMake:
         C:\Program Files (x86)\Microsoft Visual Studio 12.0\VC\bin\bscmake.exe /nologo /o"D:\Daniel Webster College\3rd Year\ChessProject3\ChessProject\ChessProject\Debug\ChessProject.bsc" /n Debug\ChessBoard.sbr Debug\ChessCell.sbr Debug\ChessGame.sbr Debug\ChessPiece.sbr Debug\ChessPieceMoveEntry.sbr Debug\ChessProject.sbr Debug\Gamer.sbr Debug\ErrorMove.sbr Debug\LLNode.sbr Debug\MoveSemanticValidator.sbr Debug\MoveSyntaxValidator.sbr Debug\StackAsLinkedList.sbr Debug\stdafx.sbr
     1>Done Building Project "D:\Daniel Webster College\3rd Year\ChessProject3\ChessProject\ChessProject\ChessProject\ChessProject.vcxproj" (Build target(s)).

Build succeeded.

Time Elapsed 00:00:01.67
