c:\vim_dev\vpcs111fm_study_training\cpp\projects\ivan_projects\chess\chessproject\debug\chessproject.bsc
c:\vim_dev\vpcs111fm_study_training\cpp\projects\ivan_projects\chess\chessproject\chessproject\debug\vc120.pdb
c:\vim_dev\vpcs111fm_study_training\cpp\projects\ivan_projects\chess\chessproject\chessproject\debug\vc120.idb
c:\vim_dev\vpcs111fm_study_training\cpp\projects\ivan_projects\chess\chessproject\chessproject\debug\stdafx.sbr
c:\vim_dev\vpcs111fm_study_training\cpp\projects\ivan_projects\chess\chessproject\chessproject\debug\stackaslinkedlist.sbr
c:\vim_dev\vpcs111fm_study_training\cpp\projects\ivan_projects\chess\chessproject\chessproject\debug\movesyntaxvalidator.sbr
c:\vim_dev\vpcs111fm_study_training\cpp\projects\ivan_projects\chess\chessproject\chessproject\debug\movesemanticvalidator.sbr
c:\vim_dev\vpcs111fm_study_training\cpp\projects\ivan_projects\chess\chessproject\chessproject\debug\llnode.sbr
c:\vim_dev\vpcs111fm_study_training\cpp\projects\ivan_projects\chess\chessproject\chessproject\debug\errormove.sbr
c:\vim_dev\vpcs111fm_study_training\cpp\projects\ivan_projects\chess\chessproject\chessproject\debug\gamer.sbr
c:\vim_dev\vpcs111fm_study_training\cpp\projects\ivan_projects\chess\chessproject\chessproject\debug\chessproject.sbr
c:\vim_dev\vpcs111fm_study_training\cpp\projects\ivan_projects\chess\chessproject\chessproject\debug\chesspiecemoveentry.sbr
c:\vim_dev\vpcs111fm_study_training\cpp\projects\ivan_projects\chess\chessproject\chessproject\debug\chesspiece.sbr
c:\vim_dev\vpcs111fm_study_training\cpp\projects\ivan_projects\chess\chessproject\chessproject\debug\chessgame.sbr
c:\vim_dev\vpcs111fm_study_training\cpp\projects\ivan_projects\chess\chessproject\chessproject\debug\chesscell.sbr
c:\vim_dev\vpcs111fm_study_training\cpp\projects\ivan_projects\chess\chessproject\chessproject\debug\chessboard.sbr
c:\vim_dev\vpcs111fm_study_training\cpp\projects\ivan_projects\chess\chessproject\chessproject\debug\chessboard.obj
c:\vim_dev\vpcs111fm_study_training\cpp\projects\ivan_projects\chess\chessproject\chessproject\debug\chesscell.obj
c:\vim_dev\vpcs111fm_study_training\cpp\projects\ivan_projects\chess\chessproject\chessproject\debug\chessgame.obj
c:\vim_dev\vpcs111fm_study_training\cpp\projects\ivan_projects\chess\chessproject\chessproject\debug\chesspiece.obj
c:\vim_dev\vpcs111fm_study_training\cpp\projects\ivan_projects\chess\chessproject\chessproject\debug\chesspiecemoveentry.obj
c:\vim_dev\vpcs111fm_study_training\cpp\projects\ivan_projects\chess\chessproject\chessproject\debug\chessproject.obj
c:\vim_dev\vpcs111fm_study_training\cpp\projects\ivan_projects\chess\chessproject\chessproject\debug\gamer.obj
c:\vim_dev\vpcs111fm_study_training\cpp\projects\ivan_projects\chess\chessproject\chessproject\debug\errormove.obj
c:\vim_dev\vpcs111fm_study_training\cpp\projects\ivan_projects\chess\chessproject\chessproject\debug\llnode.obj
c:\vim_dev\vpcs111fm_study_training\cpp\projects\ivan_projects\chess\chessproject\chessproject\debug\movesemanticvalidator.obj
c:\vim_dev\vpcs111fm_study_training\cpp\projects\ivan_projects\chess\chessproject\chessproject\debug\movesyntaxvalidator.obj
c:\vim_dev\vpcs111fm_study_training\cpp\projects\ivan_projects\chess\chessproject\chessproject\debug\stackaslinkedlist.obj
c:\vim_dev\vpcs111fm_study_training\cpp\projects\ivan_projects\chess\chessproject\chessproject\debug\stdafx.obj
c:\vim_dev\vpcs111fm_study_training\cpp\projects\ivan_projects\chess\chessproject\debug\chessproject.ilk
c:\vim_dev\vpcs111fm_study_training\cpp\projects\ivan_projects\chess\chessproject\debug\chessproject.exe
c:\vim_dev\vpcs111fm_study_training\cpp\projects\ivan_projects\chess\chessproject\debug\chessproject.pdb
c:\vim_dev\vpcs111fm_study_training\cpp\projects\ivan_projects\chess\chessproject\chessproject\debug\chessproject.tlog\bscmake.command.1.tlog
c:\vim_dev\vpcs111fm_study_training\cpp\projects\ivan_projects\chess\chessproject\chessproject\debug\chessproject.tlog\bscmake.read.1.tlog
c:\vim_dev\vpcs111fm_study_training\cpp\projects\ivan_projects\chess\chessproject\chessproject\debug\chessproject.tlog\bscmake.write.1.tlog
c:\vim_dev\vpcs111fm_study_training\cpp\projects\ivan_projects\chess\chessproject\chessproject\debug\chessproject.tlog\cl.command.1.tlog
c:\vim_dev\vpcs111fm_study_training\cpp\projects\ivan_projects\chess\chessproject\chessproject\debug\chessproject.tlog\cl.read.1.tlog
c:\vim_dev\vpcs111fm_study_training\cpp\projects\ivan_projects\chess\chessproject\chessproject\debug\chessproject.tlog\cl.write.1.tlog
c:\vim_dev\vpcs111fm_study_training\cpp\projects\ivan_projects\chess\chessproject\chessproject\debug\chessproject.tlog\link.command.1.tlog
c:\vim_dev\vpcs111fm_study_training\cpp\projects\ivan_projects\chess\chessproject\chessproject\debug\chessproject.tlog\link.read.1.tlog
c:\vim_dev\vpcs111fm_study_training\cpp\projects\ivan_projects\chess\chessproject\chessproject\debug\chessproject.tlog\link.write.1.tlog
